2025-10-27 13:34:15,167 [Worker-2: Loading available Gradle versions] INFO  o.e.b.c.i.u.g.PublishedGradleVersions - Gradle version information cache is not available. Remote download required.
2025-10-27 13:38:53,454 [Worker-4: Launching mavenrun-2fa06951-6ebd-4b3a-9d9c-59acf221f7b8] INFO  o.eclipse.m2e.core.internal.Bundles - getClasspathEntries(Bundle=org.eclipse.m2e.maven.runtime_3.9.900.20240824-1409 [638])
2025-10-27 13:38:53,457 [Worker-4: Launching mavenrun-2fa06951-6ebd-4b3a-9d9c-59acf221f7b8] INFO  o.eclipse.m2e.core.internal.Bundles - 	Entry: C:\Users\Monu\.p2\pool\plugins\org.eclipse.m2e.maven.runtime_3.9.900.20240824-1409
2025-10-27 13:38:53,458 [Worker-4: Launching mavenrun-2fa06951-6ebd-4b3a-9d9c-59acf221f7b8] INFO  o.eclipse.m2e.core.internal.Bundles - 	Entry: C:\Users\Monu\.p2\pool\plugins\org.eclipse.m2e.maven.runtime_3.9.900.20240824-1409\jars\aopalliance-1.0.jar
2025-10-27 13:38:53,459 [Worker-4: Launching mavenrun-2fa06951-6ebd-4b3a-9d9c-59acf221f7b8] INFO  o.eclipse.m2e.core.internal.Bundles - 	Entry: C:\Users\Monu\.p2\pool\plugins\org.eclipse.m2e.maven.runtime_3.9.900.20240824-1409\jars\guice-5.1.0.jar
2025-10-27 13:38:53,459 [Worker-4: Launching mavenrun-2fa06951-6ebd-4b3a-9d9c-59acf221f7b8] INFO  o.eclipse.m2e.core.internal.Bundles - 	Entry: C:\Users\Monu\.p2\pool\plugins\org.eclipse.m2e.maven.runtime_3.9.900.20240824-1409\jars\httpclient-4.5.14.jar
2025-10-27 13:38:53,460 [Worker-4: Launching mavenrun-2fa06951-6ebd-4b3a-9d9c-59acf221f7b8] INFO  o.eclipse.m2e.core.internal.Bundles - 	Entry: C:\Users\Monu\.p2\pool\plugins\org.eclipse.m2e.maven.runtime_3.9.900.20240824-1409\jars\httpcore-4.4.16.jar
2025-10-27 13:38:53,461 [Worker-4: Launching mavenrun-2fa06951-6ebd-4b3a-9d9c-59acf221f7b8] INFO  o.eclipse.m2e.core.internal.Bundles - 	Entry: C:\Users\Monu\.p2\pool\plugins\org.eclipse.m2e.maven.runtime_3.9.900.20240824-1409\jars\jansi-2.4.1.jar
2025-10-27 13:38:53,461 [Worker-4: Launching mavenrun-2fa06951-6ebd-4b3a-9d9c-59acf221f7b8] INFO  o.eclipse.m2e.core.internal.Bundles - 	Entry: C:\Users\Monu\.p2\pool\plugins\org.eclipse.m2e.maven.runtime_3.9.900.20240824-1409\jars\jcl-over-slf4j-1.7.36.jar
2025-10-27 13:38:53,461 [Worker-4: Launching mavenrun-2fa06951-6ebd-4b3a-9d9c-59acf221f7b8] INFO  o.eclipse.m2e.core.internal.Bundles - 	Entry: C:\Users\Monu\.p2\pool\plugins\org.eclipse.m2e.maven.runtime_3.9.900.20240824-1409\jars\maven-artifact-3.9.9.jar
2025-10-27 13:38:53,461 [Worker-4: Launching mavenrun-2fa06951-6ebd-4b3a-9d9c-59acf221f7b8] INFO  o.eclipse.m2e.core.internal.Bundles - 	Entry: C:\Users\Monu\.p2\pool\plugins\org.eclipse.m2e.maven.runtime_3.9.900.20240824-1409\jars\maven-builder-support-3.9.9.jar
2025-10-27 13:38:53,462 [Worker-4: Launching mavenrun-2fa06951-6ebd-4b3a-9d9c-59acf221f7b8] INFO  o.eclipse.m2e.core.internal.Bundles - 	Entry: C:\Users\Monu\.p2\pool\plugins\org.eclipse.m2e.maven.runtime_3.9.900.20240824-1409\jars\maven-compat-3.9.9.jar
2025-10-27 13:38:53,462 [Worker-4: Launching mavenrun-2fa06951-6ebd-4b3a-9d9c-59acf221f7b8] INFO  o.eclipse.m2e.core.internal.Bundles - 	Entry: C:\Users\Monu\.p2\pool\plugins\org.eclipse.m2e.maven.runtime_3.9.900.20240824-1409\jars\maven-core-3.9.9.jar
2025-10-27 13:38:53,462 [Worker-4: Launching mavenrun-2fa06951-6ebd-4b3a-9d9c-59acf221f7b8] INFO  o.eclipse.m2e.core.internal.Bundles - 	Entry: C:\Users\Monu\.p2\pool\plugins\org.eclipse.m2e.maven.runtime_3.9.900.20240824-1409\jars\maven-embedder-3.9.9.jar
2025-10-27 13:38:53,462 [Worker-4: Launching mavenrun-2fa06951-6ebd-4b3a-9d9c-59acf221f7b8] INFO  o.eclipse.m2e.core.internal.Bundles - 	Entry: C:\Users\Monu\.p2\pool\plugins\org.eclipse.m2e.maven.runtime_3.9.900.20240824-1409\jars\maven-model-3.9.9.jar
2025-10-27 13:38:53,462 [Worker-4: Launching mavenrun-2fa06951-6ebd-4b3a-9d9c-59acf221f7b8] INFO  o.eclipse.m2e.core.internal.Bundles - 	Entry: C:\Users\Monu\.p2\pool\plugins\org.eclipse.m2e.maven.runtime_3.9.900.20240824-1409\jars\maven-model-builder-3.9.9.jar
2025-10-27 13:38:53,463 [Worker-4: Launching mavenrun-2fa06951-6ebd-4b3a-9d9c-59acf221f7b8] INFO  o.eclipse.m2e.core.internal.Bundles - 	Entry: C:\Users\Monu\.p2\pool\plugins\org.eclipse.m2e.maven.runtime_3.9.900.20240824-1409\jars\maven-plugin-api-3.9.9.jar
2025-10-27 13:38:53,463 [Worker-4: Launching mavenrun-2fa06951-6ebd-4b3a-9d9c-59acf221f7b8] INFO  o.eclipse.m2e.core.internal.Bundles - 	Entry: C:\Users\Monu\.p2\pool\plugins\org.eclipse.m2e.maven.runtime_3.9.900.20240824-1409\jars\maven-repository-metadata-3.9.9.jar
2025-10-27 13:38:53,463 [Worker-4: Launching mavenrun-2fa06951-6ebd-4b3a-9d9c-59acf221f7b8] INFO  o.eclipse.m2e.core.internal.Bundles - 	Entry: C:\Users\Monu\.p2\pool\plugins\org.eclipse.m2e.maven.runtime_3.9.900.20240824-1409\jars\maven-resolver-api-1.9.22.jar
2025-10-27 13:38:53,463 [Worker-4: Launching mavenrun-2fa06951-6ebd-4b3a-9d9c-59acf221f7b8] INFO  o.eclipse.m2e.core.internal.Bundles - 	Entry: C:\Users\Monu\.p2\pool\plugins\org.eclipse.m2e.maven.runtime_3.9.900.20240824-1409\jars\maven-resolver-connector-basic-1.9.22.jar
2025-10-27 13:38:53,464 [Worker-4: Launching mavenrun-2fa06951-6ebd-4b3a-9d9c-59acf221f7b8] INFO  o.eclipse.m2e.core.internal.Bundles - 	Entry: C:\Users\Monu\.p2\pool\plugins\org.eclipse.m2e.maven.runtime_3.9.900.20240824-1409\jars\maven-resolver-impl-1.9.22.jar
2025-10-27 13:38:53,464 [Worker-4: Launching mavenrun-2fa06951-6ebd-4b3a-9d9c-59acf221f7b8] INFO  o.eclipse.m2e.core.internal.Bundles - 	Entry: C:\Users\Monu\.p2\pool\plugins\org.eclipse.m2e.maven.runtime_3.9.900.20240824-1409\jars\maven-resolver-named-locks-1.9.22.jar
2025-10-27 13:38:53,464 [Worker-4: Launching mavenrun-2fa06951-6ebd-4b3a-9d9c-59acf221f7b8] INFO  o.eclipse.m2e.core.internal.Bundles - 	Entry: C:\Users\Monu\.p2\pool\plugins\org.eclipse.m2e.maven.runtime_3.9.900.20240824-1409\jars\maven-resolver-provider-3.9.9.jar
2025-10-27 13:38:53,464 [Worker-4: Launching mavenrun-2fa06951-6ebd-4b3a-9d9c-59acf221f7b8] INFO  o.eclipse.m2e.core.internal.Bundles - 	Entry: C:\Users\Monu\.p2\pool\plugins\org.eclipse.m2e.maven.runtime_3.9.900.20240824-1409\jars\maven-resolver-spi-1.9.22.jar
2025-10-27 13:38:53,465 [Worker-4: Launching mavenrun-2fa06951-6ebd-4b3a-9d9c-59acf221f7b8] INFO  o.eclipse.m2e.core.internal.Bundles - 	Entry: C:\Users\Monu\.p2\pool\plugins\org.eclipse.m2e.maven.runtime_3.9.900.20240824-1409\jars\maven-resolver-transport-file-1.9.22.jar
2025-10-27 13:38:53,466 [Worker-4: Launching mavenrun-2fa06951-6ebd-4b3a-9d9c-59acf221f7b8] INFO  o.eclipse.m2e.core.internal.Bundles - 	Entry: C:\Users\Monu\.p2\pool\plugins\org.eclipse.m2e.maven.runtime_3.9.900.20240824-1409\jars\maven-resolver-transport-http-1.9.22.jar
2025-10-27 13:38:53,466 [Worker-4: Launching mavenrun-2fa06951-6ebd-4b3a-9d9c-59acf221f7b8] INFO  o.eclipse.m2e.core.internal.Bundles - 	Entry: C:\Users\Monu\.p2\pool\plugins\org.eclipse.m2e.maven.runtime_3.9.900.20240824-1409\jars\maven-resolver-transport-wagon-1.9.22.jar
2025-10-27 13:38:53,467 [Worker-4: Launching mavenrun-2fa06951-6ebd-4b3a-9d9c-59acf221f7b8] INFO  o.eclipse.m2e.core.internal.Bundles - 	Entry: C:\Users\Monu\.p2\pool\plugins\org.eclipse.m2e.maven.runtime_3.9.900.20240824-1409\jars\maven-resolver-util-1.9.22.jar
2025-10-27 13:38:53,467 [Worker-4: Launching mavenrun-2fa06951-6ebd-4b3a-9d9c-59acf221f7b8] INFO  o.eclipse.m2e.core.internal.Bundles - 	Entry: C:\Users\Monu\.p2\pool\plugins\org.eclipse.m2e.maven.runtime_3.9.900.20240824-1409\jars\maven-settings-3.9.9.jar
2025-10-27 13:38:53,467 [Worker-4: Launching mavenrun-2fa06951-6ebd-4b3a-9d9c-59acf221f7b8] INFO  o.eclipse.m2e.core.internal.Bundles - 	Entry: C:\Users\Monu\.p2\pool\plugins\org.eclipse.m2e.maven.runtime_3.9.900.20240824-1409\jars\maven-settings-builder-3.9.9.jar
2025-10-27 13:38:53,467 [Worker-4: Launching mavenrun-2fa06951-6ebd-4b3a-9d9c-59acf221f7b8] INFO  o.eclipse.m2e.core.internal.Bundles - 	Entry: C:\Users\Monu\.p2\pool\plugins\org.eclipse.m2e.maven.runtime_3.9.900.20240824-1409\jars\maven-shared-utils-3.4.2.jar
2025-10-27 13:38:53,467 [Worker-4: Launching mavenrun-2fa06951-6ebd-4b3a-9d9c-59acf221f7b8] INFO  o.eclipse.m2e.core.internal.Bundles - 	Entry: C:\Users\Monu\.p2\pool\plugins\org.eclipse.m2e.maven.runtime_3.9.900.20240824-1409\jars\org.eclipse.sisu.inject-0.9.0.M3.jar
2025-10-27 13:38:53,468 [Worker-4: Launching mavenrun-2fa06951-6ebd-4b3a-9d9c-59acf221f7b8] INFO  o.eclipse.m2e.core.internal.Bundles - 	Entry: C:\Users\Monu\.p2\pool\plugins\org.eclipse.m2e.maven.runtime_3.9.900.20240824-1409\jars\org.eclipse.sisu.plexus-0.9.0.M3.jar
2025-10-27 13:38:53,468 [Worker-4: Launching mavenrun-2fa06951-6ebd-4b3a-9d9c-59acf221f7b8] INFO  o.eclipse.m2e.core.internal.Bundles - 	Entry: C:\Users\Monu\.p2\pool\plugins\org.eclipse.m2e.maven.runtime_3.9.900.20240824-1409\jars\plexus-build-api-0.0.7.jar
2025-10-27 13:38:53,468 [Worker-4: Launching mavenrun-2fa06951-6ebd-4b3a-9d9c-59acf221f7b8] INFO  o.eclipse.m2e.core.internal.Bundles - 	Entry: C:\Users\Monu\.p2\pool\plugins\org.eclipse.m2e.maven.runtime_3.9.900.20240824-1409\jars\plexus-build-api-1.2.0.jar
2025-10-27 13:38:53,468 [Worker-4: Launching mavenrun-2fa06951-6ebd-4b3a-9d9c-59acf221f7b8] INFO  o.eclipse.m2e.core.internal.Bundles - 	Entry: C:\Users\Monu\.p2\pool\plugins\org.eclipse.m2e.maven.runtime_3.9.900.20240824-1409\jars\plexus-cipher-2.0.jar
2025-10-27 13:38:53,468 [Worker-4: Launching mavenrun-2fa06951-6ebd-4b3a-9d9c-59acf221f7b8] INFO  o.eclipse.m2e.core.internal.Bundles - 	Entry: C:\Users\Monu\.p2\pool\plugins\org.eclipse.m2e.maven.runtime_3.9.900.20240824-1409\jars\plexus-classworlds-2.8.0.jar
2025-10-27 13:38:53,468 [Worker-4: Launching mavenrun-2fa06951-6ebd-4b3a-9d9c-59acf221f7b8] INFO  o.eclipse.m2e.core.internal.Bundles - 	Entry: C:\Users\Monu\.p2\pool\plugins\org.eclipse.m2e.maven.runtime_3.9.900.20240824-1409\jars\plexus-component-annotations-2.1.0.jar
2025-10-27 13:38:53,468 [Worker-4: Launching mavenrun-2fa06951-6ebd-4b3a-9d9c-59acf221f7b8] INFO  o.eclipse.m2e.core.internal.Bundles - 	Entry: C:\Users\Monu\.p2\pool\plugins\org.eclipse.m2e.maven.runtime_3.9.900.20240824-1409\jars\plexus-interpolation-1.27.jar
2025-10-27 13:38:53,470 [Worker-4: Launching mavenrun-2fa06951-6ebd-4b3a-9d9c-59acf221f7b8] INFO  o.eclipse.m2e.core.internal.Bundles - 	Entry: C:\Users\Monu\.p2\pool\plugins\org.eclipse.m2e.maven.runtime_3.9.900.20240824-1409\jars\plexus-sec-dispatcher-2.0.jar
2025-10-27 13:38:53,470 [Worker-4: Launching mavenrun-2fa06951-6ebd-4b3a-9d9c-59acf221f7b8] INFO  o.eclipse.m2e.core.internal.Bundles - 	Entry: C:\Users\Monu\.p2\pool\plugins\org.eclipse.m2e.maven.runtime_3.9.900.20240824-1409\jars\plexus-utils-3.5.1.jar
2025-10-27 13:38:53,470 [Worker-4: Launching mavenrun-2fa06951-6ebd-4b3a-9d9c-59acf221f7b8] INFO  o.eclipse.m2e.core.internal.Bundles - 	Entry: C:\Users\Monu\.p2\pool\plugins\org.eclipse.m2e.maven.runtime_3.9.900.20240824-1409\jars\plexus-xml-3.0.1.jar
2025-10-27 13:38:53,470 [Worker-4: Launching mavenrun-2fa06951-6ebd-4b3a-9d9c-59acf221f7b8] INFO  o.eclipse.m2e.core.internal.Bundles - 	Entry: C:\Users\Monu\.p2\pool\plugins\org.eclipse.m2e.maven.runtime_3.9.900.20240824-1409\jars\wagon-file-3.5.3.jar
2025-10-27 13:38:53,470 [Worker-4: Launching mavenrun-2fa06951-6ebd-4b3a-9d9c-59acf221f7b8] INFO  o.eclipse.m2e.core.internal.Bundles - 	Entry: C:\Users\Monu\.p2\pool\plugins\org.eclipse.m2e.maven.runtime_3.9.900.20240824-1409\jars\wagon-http-3.5.3.jar
2025-10-27 13:38:53,470 [Worker-4: Launching mavenrun-2fa06951-6ebd-4b3a-9d9c-59acf221f7b8] INFO  o.eclipse.m2e.core.internal.Bundles - 	Entry: C:\Users\Monu\.p2\pool\plugins\org.eclipse.m2e.maven.runtime_3.9.900.20240824-1409\jars\wagon-http-shared-3.5.3.jar
2025-10-27 13:38:53,470 [Worker-4: Launching mavenrun-2fa06951-6ebd-4b3a-9d9c-59acf221f7b8] INFO  o.eclipse.m2e.core.internal.Bundles - 	Entry: C:\Users\Monu\.p2\pool\plugins\org.eclipse.m2e.maven.runtime_3.9.900.20240824-1409\jars\wagon-provider-api-3.5.3.jar
2025-10-27 13:38:53,473 [Worker-4: Launching mavenrun-2fa06951-6ebd-4b3a-9d9c-59acf221f7b8] INFO  o.eclipse.m2e.core.internal.Bundles - getClasspathEntries(Bundle=com.google.guava_33.3.1.jre [16])
2025-10-27 13:38:53,473 [Worker-4: Launching mavenrun-2fa06951-6ebd-4b3a-9d9c-59acf221f7b8] INFO  o.eclipse.m2e.core.internal.Bundles - 	Entry: C:\Users\Monu\.p2\pool\plugins\com.google.guava_33.3.1.jre.jar
2025-10-27 13:38:53,473 [Worker-4: Launching mavenrun-2fa06951-6ebd-4b3a-9d9c-59acf221f7b8] INFO  o.eclipse.m2e.core.internal.Bundles - getClasspathEntries(Bundle=slf4j.api_2.0.16 [1005])
2025-10-27 13:38:53,474 [Worker-4: Launching mavenrun-2fa06951-6ebd-4b3a-9d9c-59acf221f7b8] INFO  o.eclipse.m2e.core.internal.Bundles - 	Entry: C:\Users\Monu\.p2\pool\plugins\slf4j.api_2.0.16.jar
2025-10-27 13:38:53,474 [Worker-4: Launching mavenrun-2fa06951-6ebd-4b3a-9d9c-59acf221f7b8] INFO  o.eclipse.m2e.core.internal.Bundles - getClasspathEntries(Bundle=jakarta.inject.jakarta.inject-api_1.0.5 [34])
2025-10-27 13:38:53,474 [Worker-4: Launching mavenrun-2fa06951-6ebd-4b3a-9d9c-59acf221f7b8] INFO  o.eclipse.m2e.core.internal.Bundles - 	Entry: C:\Users\Monu\.p2\pool\plugins\jakarta.inject.jakarta.inject-api_1.0.5.jar
2025-10-27 13:38:53,474 [Worker-4: Launching mavenrun-2fa06951-6ebd-4b3a-9d9c-59acf221f7b8] INFO  o.eclipse.m2e.core.internal.Bundles - getClasspathEntries(Bundle=jakarta.annotation-api_1.3.5 [29])
2025-10-27 13:38:53,475 [Worker-4: Launching mavenrun-2fa06951-6ebd-4b3a-9d9c-59acf221f7b8] INFO  o.eclipse.m2e.core.internal.Bundles - 	Entry: C:\Users\Monu\.p2\pool\plugins\jakarta.annotation-api_1.3.5.jar
2025-10-27 13:38:53,475 [Worker-4: Launching mavenrun-2fa06951-6ebd-4b3a-9d9c-59acf221f7b8] INFO  o.eclipse.m2e.core.internal.Bundles - getClasspathEntries(Bundle=org.apache.commons.cli_1.9.0 [75])
2025-10-27 13:38:53,475 [Worker-4: Launching mavenrun-2fa06951-6ebd-4b3a-9d9c-59acf221f7b8] INFO  o.eclipse.m2e.core.internal.Bundles - 	Entry: C:\Users\Monu\.p2\pool\plugins\org.apache.commons.cli_1.9.0.jar
2025-10-27 13:38:53,475 [Worker-4: Launching mavenrun-2fa06951-6ebd-4b3a-9d9c-59acf221f7b8] INFO  o.eclipse.m2e.core.internal.Bundles - getClasspathEntries(Bundle=org.apache.commons.commons-codec_1.16.0 [78])
2025-10-27 13:38:53,476 [Worker-4: Launching mavenrun-2fa06951-6ebd-4b3a-9d9c-59acf221f7b8] INFO  o.eclipse.m2e.core.internal.Bundles - 	Entry: C:\Users\Monu\.p2\pool\plugins\org.apache.commons.commons-codec_1.16.0.jar
2025-10-27 13:38:53,476 [Worker-4: Launching mavenrun-2fa06951-6ebd-4b3a-9d9c-59acf221f7b8] INFO  o.eclipse.m2e.core.internal.Bundles - getClasspathEntries(Bundle=com.google.guava.failureaccess_1.0.2 [17])
2025-10-27 13:38:53,476 [Worker-4: Launching mavenrun-2fa06951-6ebd-4b3a-9d9c-59acf221f7b8] INFO  o.eclipse.m2e.core.internal.Bundles - 	Entry: C:\Users\Monu\.p2\pool\plugins\com.google.guava.failureaccess_1.0.2.jar
2025-10-27 13:38:53,481 [Worker-4: Launching mavenrun-2fa06951-6ebd-4b3a-9d9c-59acf221f7b8] INFO  o.e.m.i.launch.MavenLaunchDelegate - Run build in "C:\Users\Monu\AppData\Local\Temp\m2e-archetypeGenerator7904636320923965937":
2025-10-27 13:38:53,485 [Worker-4: Launching mavenrun-2fa06951-6ebd-4b3a-9d9c-59acf221f7b8] INFO  o.e.m.i.launch.MavenLaunchDelegate -  mvn  -DarchetypeGroupId=org.apache.maven.archetypes -DarchetypeArtifactId=maven-archetype-quickstart -DarchetypeVersion=1.1 -DgroupId=com.kodewala -DartifactId=calculator -Dversion=0.0.1-SNAPSHOT -Dpackage=com.kodewala.calculator -DoutputDirectory="C:\Users\Monu\Desktop\Kode wala\Week17 Junit" -Dstyle.color=always -U archetype:generate
2025-10-27 13:39:01,932 [Worker-9: Creating maven-archetype-quickstart] INFO  o.e.m.c.i.p.ProjectConfigurationManager - Collecting project info '/pom.xml' C:\Users\Monu\Desktop\Kode wala\Week17 Junit\calculator\pom.xml
2025-10-27 13:39:02,507 [Worker-9: Creating maven-archetype-quickstart] INFO  o.e.m.c.i.l.LifecycleMappingFactory - Using org.eclipse.m2e.jdt.JarLifecycleMapping lifecycle mapping for MavenProject: com.kodewala:calculator:0.0.1-SNAPSHOT @ C:\Users\Monu\Desktop\Kode wala\Week17 Junit\calculator\pom.xml.
2025-10-27 13:39:03,511 [Worker-9: Creating maven-archetype-quickstart] INFO  o.e.m.j.i.AbstractJavaProjectConfigurator - Adding source folder /calculator/src/main/java
2025-10-27 13:39:03,513 [Worker-9: Creating maven-archetype-quickstart] INFO  o.e.m.j.i.AbstractJavaProjectConfigurator - Adding resource folder /calculator/src/main/resources
2025-10-27 13:39:03,521 [Worker-9: Creating maven-archetype-quickstart] INFO  o.e.m.j.i.AbstractJavaProjectConfigurator - Adding source folder /calculator/src/test/java
2025-10-27 13:39:03,523 [Worker-9: Creating maven-archetype-quickstart] INFO  o.e.m.j.i.AbstractJavaProjectConfigurator - Adding resource folder /calculator/src/test/resources
2025-10-27 13:39:03,681 [Worker-9: Creating maven-archetype-quickstart] INFO  o.e.m.c.i.p.ProjectConfigurationManager - Imported and configured 1 project(s) in 1 sec
2025-10-27 13:39:04,632 [Worker-9: Building] INFO  o.a.m.s.f.DefaultMavenResourcesFiltering - skip non existing resourceDirectory C:\Users\Monu\Desktop\Kode wala\Week17 Junit\calculator\src\main\resources
2025-10-27 13:39:04,636 [Worker-9: Building] INFO  o.a.m.s.f.DefaultMavenResourcesFiltering - skip non existing resourceDirectory C:\Users\Monu\Desktop\Kode wala\Week17 Junit\calculator\src\test\resources
2025-10-27 13:39:36,974 [Worker-24: Building] INFO  o.a.m.s.f.DefaultMavenResourcesFiltering - skip non existing resourceDirectory C:\Users\Monu\Desktop\Kode wala\Week17 Junit\calculator\src\main\resources
2025-10-27 13:39:36,978 [Worker-24: Building] INFO  o.a.m.s.f.DefaultMavenResourcesFiltering - skip non existing resourceDirectory C:\Users\Monu\Desktop\Kode wala\Week17 Junit\calculator\src\test\resources
2025-10-27 13:41:02,996 [Worker-9: Building] INFO  o.a.m.s.f.DefaultMavenResourcesFiltering - skip non existing resourceDirectory C:\Users\Monu\Desktop\Kode wala\Week17 Junit\calculator\src\main\resources
2025-10-27 13:41:03,001 [Worker-9: Building] INFO  o.a.m.s.f.DefaultMavenResourcesFiltering - skip non existing resourceDirectory C:\Users\Monu\Desktop\Kode wala\Week17 Junit\calculator\src\test\resources
2025-10-27 13:41:29,941 [Worker-23: Building] INFO  o.a.m.s.f.DefaultMavenResourcesFiltering - skip non existing resourceDirectory C:\Users\Monu\Desktop\Kode wala\Week17 Junit\calculator\src\main\resources
2025-10-27 13:41:29,943 [Worker-23: Building] INFO  o.a.m.s.f.DefaultMavenResourcesFiltering - skip non existing resourceDirectory C:\Users\Monu\Desktop\Kode wala\Week17 Junit\calculator\src\test\resources
2025-10-27 13:41:51,351 [Worker-25: Building] INFO  o.a.m.s.f.DefaultMavenResourcesFiltering - skip non existing resourceDirectory C:\Users\Monu\Desktop\Kode wala\Week17 Junit\calculator\src\main\resources
2025-10-27 13:41:51,353 [Worker-25: Building] INFO  o.a.m.s.f.DefaultMavenResourcesFiltering - skip non existing resourceDirectory C:\Users\Monu\Desktop\Kode wala\Week17 Junit\calculator\src\test\resources
2025-10-27 13:42:09,923 [Worker-26: Building] INFO  o.a.m.s.f.DefaultMavenResourcesFiltering - skip non existing resourceDirectory C:\Users\Monu\Desktop\Kode wala\Week17 Junit\calculator\src\main\resources
2025-10-27 13:42:09,925 [Worker-26: Building] INFO  o.a.m.s.f.DefaultMavenResourcesFiltering - skip non existing resourceDirectory C:\Users\Monu\Desktop\Kode wala\Week17 Junit\calculator\src\test\resources
2025-10-27 13:42:51,060 [Worker-9: Building] INFO  o.a.m.s.f.DefaultMavenResourcesFiltering - skip non existing resourceDirectory C:\Users\Monu\Desktop\Kode wala\Week17 Junit\calculator\src\main\resources
2025-10-27 13:42:51,063 [Worker-9: Building] INFO  o.a.m.s.f.DefaultMavenResourcesFiltering - skip non existing resourceDirectory C:\Users\Monu\Desktop\Kode wala\Week17 Junit\calculator\src\test\resources
2025-10-27 13:44:32,302 [Worker-26: Building] INFO  o.e.m.c.i.l.LifecycleMappingFactory - Using org.eclipse.m2e.jdt.JarLifecycleMapping lifecycle mapping for MavenProject: com.kodewala:calculator:0.0.1-SNAPSHOT @ C:\Users\Monu\Desktop\Kode wala\Week17 Junit\calculator\pom.xml.
2025-10-27 13:44:32,499 [Worker-26: Building] INFO  o.a.m.s.f.DefaultMavenResourcesFiltering - skip non existing resourceDirectory C:\Users\Monu\Desktop\Kode wala\Week17 Junit\calculator\src\main\resources
2025-10-27 13:44:32,502 [Worker-26: Building] INFO  o.a.m.s.f.DefaultMavenResourcesFiltering - skip non existing resourceDirectory C:\Users\Monu\Desktop\Kode wala\Week17 Junit\calculator\src\test\resources
2025-10-27 13:44:34,018 [Worker-26: Building] INFO  o.a.m.s.f.DefaultMavenResourcesFiltering - skip non existing resourceDirectory C:\Users\Monu\Desktop\Kode wala\Week17 Junit\calculator\src\main\resources
2025-10-27 13:44:34,022 [Worker-26: Building] INFO  o.a.m.s.f.DefaultMavenResourcesFiltering - skip non existing resourceDirectory C:\Users\Monu\Desktop\Kode wala\Week17 Junit\calculator\src\test\resources
2025-10-27 13:44:36,900 [Worker-25: Building] INFO  o.a.m.s.f.DefaultMavenResourcesFiltering - skip non existing resourceDirectory C:\Users\Monu\Desktop\Kode wala\Week17 Junit\calculator\src\main\resources
2025-10-27 13:44:36,902 [Worker-25: Building] INFO  o.a.m.s.f.DefaultMavenResourcesFiltering - skip non existing resourceDirectory C:\Users\Monu\Desktop\Kode wala\Week17 Junit\calculator\src\test\resources
2025-10-27 13:47:32,380 [Worker-9: Building] INFO  o.a.m.s.f.DefaultMavenResourcesFiltering - skip non existing resourceDirectory C:\Users\Monu\Desktop\Kode wala\Week17 Junit\calculator\src\main\resources
2025-10-27 13:47:32,382 [Worker-9: Building] INFO  o.a.m.s.f.DefaultMavenResourcesFiltering - skip non existing resourceDirectory C:\Users\Monu\Desktop\Kode wala\Week17 Junit\calculator\src\test\resources
2025-10-27 13:52:02,767 [Worker-9: Building] INFO  o.a.m.s.f.DefaultMavenResourcesFiltering - skip non existing resourceDirectory C:\Users\Monu\Desktop\Kode wala\Week17 Junit\calculator\src\main\resources
2025-10-27 13:52:02,770 [Worker-9: Building] INFO  o.a.m.s.f.DefaultMavenResourcesFiltering - skip non existing resourceDirectory C:\Users\Monu\Desktop\Kode wala\Week17 Junit\calculator\src\test\resources
2025-10-27 13:52:04,856 [main] INFO  o.e.m.jdt.internal.UnitTestSupport - Updating AddTwoNumberTest from maven configuration
2025-10-27 13:53:00,866 [Worker-4: Building] INFO  o.a.m.s.f.DefaultMavenResourcesFiltering - skip non existing resourceDirectory C:\Users\Monu\Desktop\Kode wala\Week17 Junit\calculator\src\main\resources
2025-10-27 13:53:00,868 [Worker-4: Building] INFO  o.a.m.s.f.DefaultMavenResourcesFiltering - skip non existing resourceDirectory C:\Users\Monu\Desktop\Kode wala\Week17 Junit\calculator\src\test\resources
2025-10-27 13:53:18,012 [Worker-27: Building] INFO  o.a.m.s.f.DefaultMavenResourcesFiltering - skip non existing resourceDirectory C:\Users\Monu\Desktop\Kode wala\Week17 Junit\calculator\src\main\resources
2025-10-27 13:53:18,013 [Worker-27: Building] INFO  o.a.m.s.f.DefaultMavenResourcesFiltering - skip non existing resourceDirectory C:\Users\Monu\Desktop\Kode wala\Week17 Junit\calculator\src\test\resources
2025-10-27 13:54:08,159 [Worker-26: Building] INFO  o.a.m.s.f.DefaultMavenResourcesFiltering - skip non existing resourceDirectory C:\Users\Monu\Desktop\Kode wala\Week17 Junit\calculator\src\main\resources
2025-10-27 13:54:08,160 [Worker-26: Building] INFO  o.a.m.s.f.DefaultMavenResourcesFiltering - skip non existing resourceDirectory C:\Users\Monu\Desktop\Kode wala\Week17 Junit\calculator\src\test\resources
2025-10-27 13:55:03,641 [Worker-24: Building] INFO  o.a.m.s.f.DefaultMavenResourcesFiltering - skip non existing resourceDirectory C:\Users\Monu\Desktop\Kode wala\Week17 Junit\calculator\src\main\resources
2025-10-27 13:55:03,643 [Worker-24: Building] INFO  o.a.m.s.f.DefaultMavenResourcesFiltering - skip non existing resourceDirectory C:\Users\Monu\Desktop\Kode wala\Week17 Junit\calculator\src\test\resources
2025-10-27 13:55:22,587 [Worker-24: Building] INFO  o.a.m.s.f.DefaultMavenResourcesFiltering - skip non existing resourceDirectory C:\Users\Monu\Desktop\Kode wala\Week17 Junit\calculator\src\main\resources
2025-10-27 13:55:22,589 [Worker-24: Building] INFO  o.a.m.s.f.DefaultMavenResourcesFiltering - skip non existing resourceDirectory C:\Users\Monu\Desktop\Kode wala\Week17 Junit\calculator\src\test\resources
2025-10-27 13:55:48,013 [Worker-25: Building] INFO  o.e.m.c.i.l.LifecycleMappingFactory - Using org.eclipse.m2e.jdt.JarLifecycleMapping lifecycle mapping for MavenProject: com.kodewala:calculator:0.0.1-SNAPSHOT @ C:\Users\Monu\Desktop\Kode wala\Week17 Junit\calculator\pom.xml.
2025-10-27 13:55:48,172 [Worker-25: Building] INFO  o.a.m.s.f.DefaultMavenResourcesFiltering - skip non existing resourceDirectory C:\Users\Monu\Desktop\Kode wala\Week17 Junit\calculator\src\main\resources
2025-10-27 13:55:48,175 [Worker-25: Building] INFO  o.a.m.s.f.DefaultMavenResourcesFiltering - skip non existing resourceDirectory C:\Users\Monu\Desktop\Kode wala\Week17 Junit\calculator\src\test\resources
2025-10-27 13:56:26,172 [Worker-4: Building] INFO  o.a.m.s.f.DefaultMavenResourcesFiltering - skip non existing resourceDirectory C:\Users\Monu\Desktop\Kode wala\Week17 Junit\calculator\src\main\resources
2025-10-27 13:56:26,173 [Worker-4: Building] INFO  o.a.m.s.f.DefaultMavenResourcesFiltering - skip non existing resourceDirectory C:\Users\Monu\Desktop\Kode wala\Week17 Junit\calculator\src\test\resources
2025-10-27 13:56:54,578 [Worker-25: Building] INFO  o.a.m.s.f.DefaultMavenResourcesFiltering - skip non existing resourceDirectory C:\Users\Monu\Desktop\Kode wala\Week17 Junit\calculator\src\main\resources
2025-10-27 13:56:54,580 [Worker-25: Building] INFO  o.a.m.s.f.DefaultMavenResourcesFiltering - skip non existing resourceDirectory C:\Users\Monu\Desktop\Kode wala\Week17 Junit\calculator\src\test\resources
2025-10-27 13:59:07,290 [Worker-28: Building] INFO  o.a.m.s.f.DefaultMavenResourcesFiltering - skip non existing resourceDirectory C:\Users\Monu\Desktop\Kode wala\Week17 Junit\calculator\src\main\resources
2025-10-27 13:59:07,293 [Worker-28: Building] INFO  o.a.m.s.f.DefaultMavenResourcesFiltering - skip non existing resourceDirectory C:\Users\Monu\Desktop\Kode wala\Week17 Junit\calculator\src\test\resources
2025-10-27 14:01:10,917 [Worker-28: Building] INFO  o.a.m.s.f.DefaultMavenResourcesFiltering - skip non existing resourceDirectory C:\Users\Monu\Desktop\Kode wala\Week17 Junit\calculator\src\main\resources
2025-10-27 14:01:10,919 [Worker-28: Building] INFO  o.a.m.s.f.DefaultMavenResourcesFiltering - skip non existing resourceDirectory C:\Users\Monu\Desktop\Kode wala\Week17 Junit\calculator\src\test\resources
2025-10-27 14:01:34,720 [Worker-30: Building] INFO  o.a.m.s.f.DefaultMavenResourcesFiltering - skip non existing resourceDirectory C:\Users\Monu\Desktop\Kode wala\Week17 Junit\calculator\src\main\resources
2025-10-27 14:01:34,722 [Worker-30: Building] INFO  o.a.m.s.f.DefaultMavenResourcesFiltering - skip non existing resourceDirectory C:\Users\Monu\Desktop\Kode wala\Week17 Junit\calculator\src\test\resources
2025-10-27 14:01:41,723 [Worker-31: Building] INFO  o.a.m.s.f.DefaultMavenResourcesFiltering - skip non existing resourceDirectory C:\Users\Monu\Desktop\Kode wala\Week17 Junit\calculator\src\main\resources
2025-10-27 14:01:41,724 [Worker-31: Building] INFO  o.a.m.s.f.DefaultMavenResourcesFiltering - skip non existing resourceDirectory C:\Users\Monu\Desktop\Kode wala\Week17 Junit\calculator\src\test\resources
2025-10-27 14:02:06,591 [Worker-28: Building] INFO  o.a.m.s.f.DefaultMavenResourcesFiltering - skip non existing resourceDirectory C:\Users\Monu\Desktop\Kode wala\Week17 Junit\calculator\src\main\resources
2025-10-27 14:02:06,593 [Worker-28: Building] INFO  o.a.m.s.f.DefaultMavenResourcesFiltering - skip non existing resourceDirectory C:\Users\Monu\Desktop\Kode wala\Week17 Junit\calculator\src\test\resources
2025-10-27 14:02:59,629 [Worker-25: Building] INFO  o.a.m.s.f.DefaultMavenResourcesFiltering - skip non existing resourceDirectory C:\Users\Monu\Desktop\Kode wala\Week17 Junit\calculator\src\main\resources
2025-10-27 14:02:59,632 [Worker-25: Building] INFO  o.a.m.s.f.DefaultMavenResourcesFiltering - skip non existing resourceDirectory C:\Users\Monu\Desktop\Kode wala\Week17 Junit\calculator\src\test\resources
2025-10-27 14:07:23,232 [Worker-28: Building] INFO  o.a.m.s.f.DefaultMavenResourcesFiltering - skip non existing resourceDirectory C:\Users\Monu\Desktop\Kode wala\Week17 Junit\calculator\src\main\resources
2025-10-27 14:07:23,235 [Worker-28: Building] INFO  o.a.m.s.f.DefaultMavenResourcesFiltering - skip non existing resourceDirectory C:\Users\Monu\Desktop\Kode wala\Week17 Junit\calculator\src\test\resources
2025-10-27 14:07:28,205 [Worker-34: Building] INFO  o.a.m.s.f.DefaultMavenResourcesFiltering - skip non existing resourceDirectory C:\Users\Monu\Desktop\Kode wala\Week17 Junit\calculator\src\main\resources
2025-10-27 14:07:28,207 [Worker-34: Building] INFO  o.a.m.s.f.DefaultMavenResourcesFiltering - skip non existing resourceDirectory C:\Users\Monu\Desktop\Kode wala\Week17 Junit\calculator\src\test\resources
2025-10-27 14:08:17,021 [Worker-30: Building] INFO  o.a.m.s.f.DefaultMavenResourcesFiltering - skip non existing resourceDirectory C:\Users\Monu\Desktop\Kode wala\Week17 Junit\calculator\src\main\resources
2025-10-27 14:08:17,023 [Worker-30: Building] INFO  o.a.m.s.f.DefaultMavenResourcesFiltering - skip non existing resourceDirectory C:\Users\Monu\Desktop\Kode wala\Week17 Junit\calculator\src\test\resources
2025-10-27 14:18:40,623 [Worker-43: Building] INFO  o.a.m.s.f.DefaultMavenResourcesFiltering - skip non existing resourceDirectory C:\Users\Monu\Desktop\Kode wala\Week17 Junit\calculator\src\main\resources
2025-10-27 14:18:40,625 [Worker-43: Building] INFO  o.a.m.s.f.DefaultMavenResourcesFiltering - skip non existing resourceDirectory C:\Users\Monu\Desktop\Kode wala\Week17 Junit\calculator\src\test\resources
2025-10-27 14:20:21,660 [Worker-44: Building] INFO  o.a.m.s.f.DefaultMavenResourcesFiltering - skip non existing resourceDirectory C:\Users\Monu\Desktop\Kode wala\Week17 Junit\calculator\src\main\resources
2025-10-27 14:20:21,663 [Worker-44: Building] INFO  o.a.m.s.f.DefaultMavenResourcesFiltering - skip non existing resourceDirectory C:\Users\Monu\Desktop\Kode wala\Week17 Junit\calculator\src\test\resources
2025-10-27 14:20:51,914 [Worker-34: Building] INFO  o.a.m.s.f.DefaultMavenResourcesFiltering - skip non existing resourceDirectory C:\Users\Monu\Desktop\Kode wala\Week17 Junit\calculator\src\main\resources
2025-10-27 14:20:51,915 [Worker-34: Building] INFO  o.a.m.s.f.DefaultMavenResourcesFiltering - skip non existing resourceDirectory C:\Users\Monu\Desktop\Kode wala\Week17 Junit\calculator\src\test\resources
2025-10-27 14:21:16,722 [Worker-42: Building] INFO  o.a.m.s.f.DefaultMavenResourcesFiltering - skip non existing resourceDirectory C:\Users\Monu\Desktop\Kode wala\Week17 Junit\calculator\src\main\resources
2025-10-27 14:21:16,725 [Worker-42: Building] INFO  o.a.m.s.f.DefaultMavenResourcesFiltering - skip non existing resourceDirectory C:\Users\Monu\Desktop\Kode wala\Week17 Junit\calculator\src\test\resources
2025-10-27 14:21:31,525 [Worker-41: Building] INFO  o.a.m.s.f.DefaultMavenResourcesFiltering - skip non existing resourceDirectory C:\Users\Monu\Desktop\Kode wala\Week17 Junit\calculator\src\main\resources
2025-10-27 14:21:31,527 [Worker-41: Building] INFO  o.a.m.s.f.DefaultMavenResourcesFiltering - skip non existing resourceDirectory C:\Users\Monu\Desktop\Kode wala\Week17 Junit\calculator\src\test\resources
2025-10-27 14:21:59,861 [Worker-42: Building] INFO  o.a.m.s.f.DefaultMavenResourcesFiltering - skip non existing resourceDirectory C:\Users\Monu\Desktop\Kode wala\Week17 Junit\calculator\src\main\resources
2025-10-27 14:21:59,863 [Worker-42: Building] INFO  o.a.m.s.f.DefaultMavenResourcesFiltering - skip non existing resourceDirectory C:\Users\Monu\Desktop\Kode wala\Week17 Junit\calculator\src\test\resources
2025-10-27 14:22:06,372 [Worker-45: Building] INFO  o.a.m.s.f.DefaultMavenResourcesFiltering - skip non existing resourceDirectory C:\Users\Monu\Desktop\Kode wala\Week17 Junit\calculator\src\main\resources
2025-10-27 14:22:06,374 [Worker-45: Building] INFO  o.a.m.s.f.DefaultMavenResourcesFiltering - skip non existing resourceDirectory C:\Users\Monu\Desktop\Kode wala\Week17 Junit\calculator\src\test\resources
2025-10-27 14:22:10,011 [Worker-46: Building] INFO  o.a.m.s.f.DefaultMavenResourcesFiltering - skip non existing resourceDirectory C:\Users\Monu\Desktop\Kode wala\Week17 Junit\calculator\src\main\resources
2025-10-27 14:22:10,012 [Worker-46: Building] INFO  o.a.m.s.f.DefaultMavenResourcesFiltering - skip non existing resourceDirectory C:\Users\Monu\Desktop\Kode wala\Week17 Junit\calculator\src\test\resources
2025-10-27 14:22:25,192 [Worker-44: Building] INFO  o.a.m.s.f.DefaultMavenResourcesFiltering - skip non existing resourceDirectory C:\Users\Monu\Desktop\Kode wala\Week17 Junit\calculator\src\main\resources
2025-10-27 14:22:25,193 [Worker-44: Building] INFO  o.a.m.s.f.DefaultMavenResourcesFiltering - skip non existing resourceDirectory C:\Users\Monu\Desktop\Kode wala\Week17 Junit\calculator\src\test\resources
2025-10-27 14:22:33,841 [Worker-44: Building] INFO  o.a.m.s.f.DefaultMavenResourcesFiltering - skip non existing resourceDirectory C:\Users\Monu\Desktop\Kode wala\Week17 Junit\calculator\src\main\resources
2025-10-27 14:22:33,842 [Worker-44: Building] INFO  o.a.m.s.f.DefaultMavenResourcesFiltering - skip non existing resourceDirectory C:\Users\Monu\Desktop\Kode wala\Week17 Junit\calculator\src\test\resources
2025-10-27 14:32:05,977 [Worker-55: Building] INFO  o.a.m.s.f.DefaultMavenResourcesFiltering - skip non existing resourceDirectory C:\Users\Monu\Desktop\Kode wala\Week17 Junit\calculator\src\main\resources
2025-10-27 14:32:05,979 [Worker-55: Building] INFO  o.a.m.s.f.DefaultMavenResourcesFiltering - skip non existing resourceDirectory C:\Users\Monu\Desktop\Kode wala\Week17 Junit\calculator\src\test\resources
2025-10-27 14:37:16,054 [Worker-57: Building] INFO  o.a.m.s.f.DefaultMavenResourcesFiltering - skip non existing resourceDirectory C:\Users\Monu\Desktop\Kode wala\Week17 Junit\calculator\src\main\resources
2025-10-27 14:37:16,056 [Worker-57: Building] INFO  o.a.m.s.f.DefaultMavenResourcesFiltering - skip non existing resourceDirectory C:\Users\Monu\Desktop\Kode wala\Week17 Junit\calculator\src\test\resources
2025-10-27 14:52:30,413 [Worker-62: Building] INFO  o.a.m.s.f.DefaultMavenResourcesFiltering - skip non existing resourceDirectory C:\Users\Monu\Desktop\Kode wala\Week17 Junit\calculator\src\main\resources
2025-10-27 14:52:30,415 [Worker-62: Building] INFO  o.a.m.s.f.DefaultMavenResourcesFiltering - skip non existing resourceDirectory C:\Users\Monu\Desktop\Kode wala\Week17 Junit\calculator\src\test\resources
2025-10-27 14:56:26,817 [Worker-62: Building] INFO  o.a.m.s.f.DefaultMavenResourcesFiltering - skip non existing resourceDirectory C:\Users\Monu\Desktop\Kode wala\Week17 Junit\calculator\src\main\resources
2025-10-27 14:56:26,820 [Worker-62: Building] INFO  o.a.m.s.f.DefaultMavenResourcesFiltering - skip non existing resourceDirectory C:\Users\Monu\Desktop\Kode wala\Week17 Junit\calculator\src\test\resources
2025-10-27 14:57:24,645 [Worker-66: Building] INFO  o.a.m.s.f.DefaultMavenResourcesFiltering - skip non existing resourceDirectory C:\Users\Monu\Desktop\Kode wala\Week17 Junit\calculator\src\main\resources
2025-10-27 14:57:24,650 [Worker-66: Building] INFO  o.a.m.s.f.DefaultMavenResourcesFiltering - skip non existing resourceDirectory C:\Users\Monu\Desktop\Kode wala\Week17 Junit\calculator\src\test\resources
2025-10-27 14:59:04,905 [Worker-66: Building] INFO  o.a.m.s.f.DefaultMavenResourcesFiltering - skip non existing resourceDirectory C:\Users\Monu\Desktop\Kode wala\Week17 Junit\calculator\src\main\resources
2025-10-27 14:59:04,907 [Worker-66: Building] INFO  o.a.m.s.f.DefaultMavenResourcesFiltering - skip non existing resourceDirectory C:\Users\Monu\Desktop\Kode wala\Week17 Junit\calculator\src\test\resources
2025-10-27 15:26:31,586 [Worker-71: Launching mavenrun-73580391-ba00-4aaa-b6fb-f023a6d112c0] INFO  o.eclipse.m2e.core.internal.Bundles - getClasspathEntries(Bundle=org.eclipse.m2e.maven.runtime_3.9.900.20240824-1409 [638])
2025-10-27 15:26:31,594 [Worker-71: Launching mavenrun-73580391-ba00-4aaa-b6fb-f023a6d112c0] INFO  o.eclipse.m2e.core.internal.Bundles - 	Entry: C:\Users\Monu\.p2\pool\plugins\org.eclipse.m2e.maven.runtime_3.9.900.20240824-1409
2025-10-27 15:26:31,595 [Worker-71: Launching mavenrun-73580391-ba00-4aaa-b6fb-f023a6d112c0] INFO  o.eclipse.m2e.core.internal.Bundles - 	Entry: C:\Users\Monu\.p2\pool\plugins\org.eclipse.m2e.maven.runtime_3.9.900.20240824-1409\jars\aopalliance-1.0.jar
2025-10-27 15:26:31,597 [Worker-71: Launching mavenrun-73580391-ba00-4aaa-b6fb-f023a6d112c0] INFO  o.eclipse.m2e.core.internal.Bundles - 	Entry: C:\Users\Monu\.p2\pool\plugins\org.eclipse.m2e.maven.runtime_3.9.900.20240824-1409\jars\guice-5.1.0.jar
2025-10-27 15:26:31,598 [Worker-71: Launching mavenrun-73580391-ba00-4aaa-b6fb-f023a6d112c0] INFO  o.eclipse.m2e.core.internal.Bundles - 	Entry: C:\Users\Monu\.p2\pool\plugins\org.eclipse.m2e.maven.runtime_3.9.900.20240824-1409\jars\httpclient-4.5.14.jar
2025-10-27 15:26:31,598 [Worker-71: Launching mavenrun-73580391-ba00-4aaa-b6fb-f023a6d112c0] INFO  o.eclipse.m2e.core.internal.Bundles - 	Entry: C:\Users\Monu\.p2\pool\plugins\org.eclipse.m2e.maven.runtime_3.9.900.20240824-1409\jars\httpcore-4.4.16.jar
2025-10-27 15:26:31,598 [Worker-71: Launching mavenrun-73580391-ba00-4aaa-b6fb-f023a6d112c0] INFO  o.eclipse.m2e.core.internal.Bundles - 	Entry: C:\Users\Monu\.p2\pool\plugins\org.eclipse.m2e.maven.runtime_3.9.900.20240824-1409\jars\jansi-2.4.1.jar
2025-10-27 15:26:31,599 [Worker-71: Launching mavenrun-73580391-ba00-4aaa-b6fb-f023a6d112c0] INFO  o.eclipse.m2e.core.internal.Bundles - 	Entry: C:\Users\Monu\.p2\pool\plugins\org.eclipse.m2e.maven.runtime_3.9.900.20240824-1409\jars\jcl-over-slf4j-1.7.36.jar
2025-10-27 15:26:31,599 [Worker-71: Launching mavenrun-73580391-ba00-4aaa-b6fb-f023a6d112c0] INFO  o.eclipse.m2e.core.internal.Bundles - 	Entry: C:\Users\Monu\.p2\pool\plugins\org.eclipse.m2e.maven.runtime_3.9.900.20240824-1409\jars\maven-artifact-3.9.9.jar
2025-10-27 15:26:31,599 [Worker-71: Launching mavenrun-73580391-ba00-4aaa-b6fb-f023a6d112c0] INFO  o.eclipse.m2e.core.internal.Bundles - 	Entry: C:\Users\Monu\.p2\pool\plugins\org.eclipse.m2e.maven.runtime_3.9.900.20240824-1409\jars\maven-builder-support-3.9.9.jar
2025-10-27 15:26:31,601 [Worker-71: Launching mavenrun-73580391-ba00-4aaa-b6fb-f023a6d112c0] INFO  o.eclipse.m2e.core.internal.Bundles - 	Entry: C:\Users\Monu\.p2\pool\plugins\org.eclipse.m2e.maven.runtime_3.9.900.20240824-1409\jars\maven-compat-3.9.9.jar
2025-10-27 15:26:31,601 [Worker-71: Launching mavenrun-73580391-ba00-4aaa-b6fb-f023a6d112c0] INFO  o.eclipse.m2e.core.internal.Bundles - 	Entry: C:\Users\Monu\.p2\pool\plugins\org.eclipse.m2e.maven.runtime_3.9.900.20240824-1409\jars\maven-core-3.9.9.jar
2025-10-27 15:26:31,601 [Worker-71: Launching mavenrun-73580391-ba00-4aaa-b6fb-f023a6d112c0] INFO  o.eclipse.m2e.core.internal.Bundles - 	Entry: C:\Users\Monu\.p2\pool\plugins\org.eclipse.m2e.maven.runtime_3.9.900.20240824-1409\jars\maven-embedder-3.9.9.jar
2025-10-27 15:26:31,602 [Worker-71: Launching mavenrun-73580391-ba00-4aaa-b6fb-f023a6d112c0] INFO  o.eclipse.m2e.core.internal.Bundles - 	Entry: C:\Users\Monu\.p2\pool\plugins\org.eclipse.m2e.maven.runtime_3.9.900.20240824-1409\jars\maven-model-3.9.9.jar
2025-10-27 15:26:31,603 [Worker-71: Launching mavenrun-73580391-ba00-4aaa-b6fb-f023a6d112c0] INFO  o.eclipse.m2e.core.internal.Bundles - 	Entry: C:\Users\Monu\.p2\pool\plugins\org.eclipse.m2e.maven.runtime_3.9.900.20240824-1409\jars\maven-model-builder-3.9.9.jar
2025-10-27 15:26:31,604 [Worker-71: Launching mavenrun-73580391-ba00-4aaa-b6fb-f023a6d112c0] INFO  o.eclipse.m2e.core.internal.Bundles - 	Entry: C:\Users\Monu\.p2\pool\plugins\org.eclipse.m2e.maven.runtime_3.9.900.20240824-1409\jars\maven-plugin-api-3.9.9.jar
2025-10-27 15:26:31,605 [Worker-71: Launching mavenrun-73580391-ba00-4aaa-b6fb-f023a6d112c0] INFO  o.eclipse.m2e.core.internal.Bundles - 	Entry: C:\Users\Monu\.p2\pool\plugins\org.eclipse.m2e.maven.runtime_3.9.900.20240824-1409\jars\maven-repository-metadata-3.9.9.jar
2025-10-27 15:26:31,605 [Worker-71: Launching mavenrun-73580391-ba00-4aaa-b6fb-f023a6d112c0] INFO  o.eclipse.m2e.core.internal.Bundles - 	Entry: C:\Users\Monu\.p2\pool\plugins\org.eclipse.m2e.maven.runtime_3.9.900.20240824-1409\jars\maven-resolver-api-1.9.22.jar
2025-10-27 15:26:31,605 [Worker-71: Launching mavenrun-73580391-ba00-4aaa-b6fb-f023a6d112c0] INFO  o.eclipse.m2e.core.internal.Bundles - 	Entry: C:\Users\Monu\.p2\pool\plugins\org.eclipse.m2e.maven.runtime_3.9.900.20240824-1409\jars\maven-resolver-connector-basic-1.9.22.jar
2025-10-27 15:26:31,606 [Worker-71: Launching mavenrun-73580391-ba00-4aaa-b6fb-f023a6d112c0] INFO  o.eclipse.m2e.core.internal.Bundles - 	Entry: C:\Users\Monu\.p2\pool\plugins\org.eclipse.m2e.maven.runtime_3.9.900.20240824-1409\jars\maven-resolver-impl-1.9.22.jar
2025-10-27 15:26:31,606 [Worker-71: Launching mavenrun-73580391-ba00-4aaa-b6fb-f023a6d112c0] INFO  o.eclipse.m2e.core.internal.Bundles - 	Entry: C:\Users\Monu\.p2\pool\plugins\org.eclipse.m2e.maven.runtime_3.9.900.20240824-1409\jars\maven-resolver-named-locks-1.9.22.jar
2025-10-27 15:26:31,607 [Worker-71: Launching mavenrun-73580391-ba00-4aaa-b6fb-f023a6d112c0] INFO  o.eclipse.m2e.core.internal.Bundles - 	Entry: C:\Users\Monu\.p2\pool\plugins\org.eclipse.m2e.maven.runtime_3.9.900.20240824-1409\jars\maven-resolver-provider-3.9.9.jar
2025-10-27 15:26:31,607 [Worker-71: Launching mavenrun-73580391-ba00-4aaa-b6fb-f023a6d112c0] INFO  o.eclipse.m2e.core.internal.Bundles - 	Entry: C:\Users\Monu\.p2\pool\plugins\org.eclipse.m2e.maven.runtime_3.9.900.20240824-1409\jars\maven-resolver-spi-1.9.22.jar
2025-10-27 15:26:31,607 [Worker-71: Launching mavenrun-73580391-ba00-4aaa-b6fb-f023a6d112c0] INFO  o.eclipse.m2e.core.internal.Bundles - 	Entry: C:\Users\Monu\.p2\pool\plugins\org.eclipse.m2e.maven.runtime_3.9.900.20240824-1409\jars\maven-resolver-transport-file-1.9.22.jar
2025-10-27 15:26:31,608 [Worker-71: Launching mavenrun-73580391-ba00-4aaa-b6fb-f023a6d112c0] INFO  o.eclipse.m2e.core.internal.Bundles - 	Entry: C:\Users\Monu\.p2\pool\plugins\org.eclipse.m2e.maven.runtime_3.9.900.20240824-1409\jars\maven-resolver-transport-http-1.9.22.jar
2025-10-27 15:26:31,608 [Worker-71: Launching mavenrun-73580391-ba00-4aaa-b6fb-f023a6d112c0] INFO  o.eclipse.m2e.core.internal.Bundles - 	Entry: C:\Users\Monu\.p2\pool\plugins\org.eclipse.m2e.maven.runtime_3.9.900.20240824-1409\jars\maven-resolver-transport-wagon-1.9.22.jar
2025-10-27 15:26:31,609 [Worker-71: Launching mavenrun-73580391-ba00-4aaa-b6fb-f023a6d112c0] INFO  o.eclipse.m2e.core.internal.Bundles - 	Entry: C:\Users\Monu\.p2\pool\plugins\org.eclipse.m2e.maven.runtime_3.9.900.20240824-1409\jars\maven-resolver-util-1.9.22.jar
2025-10-27 15:26:31,610 [Worker-71: Launching mavenrun-73580391-ba00-4aaa-b6fb-f023a6d112c0] INFO  o.eclipse.m2e.core.internal.Bundles - 	Entry: C:\Users\Monu\.p2\pool\plugins\org.eclipse.m2e.maven.runtime_3.9.900.20240824-1409\jars\maven-settings-3.9.9.jar
2025-10-27 15:26:31,613 [Worker-71: Launching mavenrun-73580391-ba00-4aaa-b6fb-f023a6d112c0] INFO  o.eclipse.m2e.core.internal.Bundles - 	Entry: C:\Users\Monu\.p2\pool\plugins\org.eclipse.m2e.maven.runtime_3.9.900.20240824-1409\jars\maven-settings-builder-3.9.9.jar
2025-10-27 15:26:31,613 [Worker-71: Launching mavenrun-73580391-ba00-4aaa-b6fb-f023a6d112c0] INFO  o.eclipse.m2e.core.internal.Bundles - 	Entry: C:\Users\Monu\.p2\pool\plugins\org.eclipse.m2e.maven.runtime_3.9.900.20240824-1409\jars\maven-shared-utils-3.4.2.jar
2025-10-27 15:26:31,614 [Worker-71: Launching mavenrun-73580391-ba00-4aaa-b6fb-f023a6d112c0] INFO  o.eclipse.m2e.core.internal.Bundles - 	Entry: C:\Users\Monu\.p2\pool\plugins\org.eclipse.m2e.maven.runtime_3.9.900.20240824-1409\jars\org.eclipse.sisu.inject-0.9.0.M3.jar
2025-10-27 15:26:31,614 [Worker-71: Launching mavenrun-73580391-ba00-4aaa-b6fb-f023a6d112c0] INFO  o.eclipse.m2e.core.internal.Bundles - 	Entry: C:\Users\Monu\.p2\pool\plugins\org.eclipse.m2e.maven.runtime_3.9.900.20240824-1409\jars\org.eclipse.sisu.plexus-0.9.0.M3.jar
2025-10-27 15:26:31,615 [Worker-71: Launching mavenrun-73580391-ba00-4aaa-b6fb-f023a6d112c0] INFO  o.eclipse.m2e.core.internal.Bundles - 	Entry: C:\Users\Monu\.p2\pool\plugins\org.eclipse.m2e.maven.runtime_3.9.900.20240824-1409\jars\plexus-build-api-0.0.7.jar
2025-10-27 15:26:31,615 [Worker-71: Launching mavenrun-73580391-ba00-4aaa-b6fb-f023a6d112c0] INFO  o.eclipse.m2e.core.internal.Bundles - 	Entry: C:\Users\Monu\.p2\pool\plugins\org.eclipse.m2e.maven.runtime_3.9.900.20240824-1409\jars\plexus-build-api-1.2.0.jar
2025-10-27 15:26:31,615 [Worker-71: Launching mavenrun-73580391-ba00-4aaa-b6fb-f023a6d112c0] INFO  o.eclipse.m2e.core.internal.Bundles - 	Entry: C:\Users\Monu\.p2\pool\plugins\org.eclipse.m2e.maven.runtime_3.9.900.20240824-1409\jars\plexus-cipher-2.0.jar
2025-10-27 15:26:31,616 [Worker-71: Launching mavenrun-73580391-ba00-4aaa-b6fb-f023a6d112c0] INFO  o.eclipse.m2e.core.internal.Bundles - 	Entry: C:\Users\Monu\.p2\pool\plugins\org.eclipse.m2e.maven.runtime_3.9.900.20240824-1409\jars\plexus-classworlds-2.8.0.jar
2025-10-27 15:26:31,616 [Worker-71: Launching mavenrun-73580391-ba00-4aaa-b6fb-f023a6d112c0] INFO  o.eclipse.m2e.core.internal.Bundles - 	Entry: C:\Users\Monu\.p2\pool\plugins\org.eclipse.m2e.maven.runtime_3.9.900.20240824-1409\jars\plexus-component-annotations-2.1.0.jar
2025-10-27 15:26:31,617 [Worker-71: Launching mavenrun-73580391-ba00-4aaa-b6fb-f023a6d112c0] INFO  o.eclipse.m2e.core.internal.Bundles - 	Entry: C:\Users\Monu\.p2\pool\plugins\org.eclipse.m2e.maven.runtime_3.9.900.20240824-1409\jars\plexus-interpolation-1.27.jar
2025-10-27 15:26:31,618 [Worker-71: Launching mavenrun-73580391-ba00-4aaa-b6fb-f023a6d112c0] INFO  o.eclipse.m2e.core.internal.Bundles - 	Entry: C:\Users\Monu\.p2\pool\plugins\org.eclipse.m2e.maven.runtime_3.9.900.20240824-1409\jars\plexus-sec-dispatcher-2.0.jar
2025-10-27 15:26:31,619 [Worker-71: Launching mavenrun-73580391-ba00-4aaa-b6fb-f023a6d112c0] INFO  o.eclipse.m2e.core.internal.Bundles - 	Entry: C:\Users\Monu\.p2\pool\plugins\org.eclipse.m2e.maven.runtime_3.9.900.20240824-1409\jars\plexus-utils-3.5.1.jar
2025-10-27 15:26:31,620 [Worker-71: Launching mavenrun-73580391-ba00-4aaa-b6fb-f023a6d112c0] INFO  o.eclipse.m2e.core.internal.Bundles - 	Entry: C:\Users\Monu\.p2\pool\plugins\org.eclipse.m2e.maven.runtime_3.9.900.20240824-1409\jars\plexus-xml-3.0.1.jar
2025-10-27 15:26:31,620 [Worker-71: Launching mavenrun-73580391-ba00-4aaa-b6fb-f023a6d112c0] INFO  o.eclipse.m2e.core.internal.Bundles - 	Entry: C:\Users\Monu\.p2\pool\plugins\org.eclipse.m2e.maven.runtime_3.9.900.20240824-1409\jars\wagon-file-3.5.3.jar
2025-10-27 15:26:31,620 [Worker-71: Launching mavenrun-73580391-ba00-4aaa-b6fb-f023a6d112c0] INFO  o.eclipse.m2e.core.internal.Bundles - 	Entry: C:\Users\Monu\.p2\pool\plugins\org.eclipse.m2e.maven.runtime_3.9.900.20240824-1409\jars\wagon-http-3.5.3.jar
2025-10-27 15:26:31,622 [Worker-71: Launching mavenrun-73580391-ba00-4aaa-b6fb-f023a6d112c0] INFO  o.eclipse.m2e.core.internal.Bundles - 	Entry: C:\Users\Monu\.p2\pool\plugins\org.eclipse.m2e.maven.runtime_3.9.900.20240824-1409\jars\wagon-http-shared-3.5.3.jar
2025-10-27 15:26:31,622 [Worker-71: Launching mavenrun-73580391-ba00-4aaa-b6fb-f023a6d112c0] INFO  o.eclipse.m2e.core.internal.Bundles - 	Entry: C:\Users\Monu\.p2\pool\plugins\org.eclipse.m2e.maven.runtime_3.9.900.20240824-1409\jars\wagon-provider-api-3.5.3.jar
2025-10-27 15:26:31,625 [Worker-71: Launching mavenrun-73580391-ba00-4aaa-b6fb-f023a6d112c0] INFO  o.eclipse.m2e.core.internal.Bundles - getClasspathEntries(Bundle=com.google.guava_33.3.1.jre [16])
2025-10-27 15:26:31,626 [Worker-71: Launching mavenrun-73580391-ba00-4aaa-b6fb-f023a6d112c0] INFO  o.eclipse.m2e.core.internal.Bundles - 	Entry: C:\Users\Monu\.p2\pool\plugins\com.google.guava_33.3.1.jre.jar
2025-10-27 15:26:31,626 [Worker-71: Launching mavenrun-73580391-ba00-4aaa-b6fb-f023a6d112c0] INFO  o.eclipse.m2e.core.internal.Bundles - getClasspathEntries(Bundle=slf4j.api_2.0.16 [1005])
2025-10-27 15:26:31,627 [Worker-71: Launching mavenrun-73580391-ba00-4aaa-b6fb-f023a6d112c0] INFO  o.eclipse.m2e.core.internal.Bundles - 	Entry: C:\Users\Monu\.p2\pool\plugins\slf4j.api_2.0.16.jar
2025-10-27 15:26:31,627 [Worker-71: Launching mavenrun-73580391-ba00-4aaa-b6fb-f023a6d112c0] INFO  o.eclipse.m2e.core.internal.Bundles - getClasspathEntries(Bundle=jakarta.inject.jakarta.inject-api_1.0.5 [34])
2025-10-27 15:26:31,628 [Worker-71: Launching mavenrun-73580391-ba00-4aaa-b6fb-f023a6d112c0] INFO  o.eclipse.m2e.core.internal.Bundles - 	Entry: C:\Users\Monu\.p2\pool\plugins\jakarta.inject.jakarta.inject-api_1.0.5.jar
2025-10-27 15:26:31,628 [Worker-71: Launching mavenrun-73580391-ba00-4aaa-b6fb-f023a6d112c0] INFO  o.eclipse.m2e.core.internal.Bundles - getClasspathEntries(Bundle=jakarta.annotation-api_1.3.5 [29])
2025-10-27 15:26:31,630 [Worker-71: Launching mavenrun-73580391-ba00-4aaa-b6fb-f023a6d112c0] INFO  o.eclipse.m2e.core.internal.Bundles - 	Entry: C:\Users\Monu\.p2\pool\plugins\jakarta.annotation-api_1.3.5.jar
2025-10-27 15:26:31,630 [Worker-71: Launching mavenrun-73580391-ba00-4aaa-b6fb-f023a6d112c0] INFO  o.eclipse.m2e.core.internal.Bundles - getClasspathEntries(Bundle=org.apache.commons.cli_1.9.0 [75])
2025-10-27 15:26:31,633 [Worker-71: Launching mavenrun-73580391-ba00-4aaa-b6fb-f023a6d112c0] INFO  o.eclipse.m2e.core.internal.Bundles - 	Entry: C:\Users\Monu\.p2\pool\plugins\org.apache.commons.cli_1.9.0.jar
2025-10-27 15:26:31,633 [Worker-71: Launching mavenrun-73580391-ba00-4aaa-b6fb-f023a6d112c0] INFO  o.eclipse.m2e.core.internal.Bundles - getClasspathEntries(Bundle=org.apache.commons.commons-codec_1.16.0 [78])
2025-10-27 15:26:31,634 [Worker-71: Launching mavenrun-73580391-ba00-4aaa-b6fb-f023a6d112c0] INFO  o.eclipse.m2e.core.internal.Bundles - 	Entry: C:\Users\Monu\.p2\pool\plugins\org.apache.commons.commons-codec_1.16.0.jar
2025-10-27 15:26:31,634 [Worker-71: Launching mavenrun-73580391-ba00-4aaa-b6fb-f023a6d112c0] INFO  o.eclipse.m2e.core.internal.Bundles - getClasspathEntries(Bundle=com.google.guava.failureaccess_1.0.2 [17])
2025-10-27 15:26:31,635 [Worker-71: Launching mavenrun-73580391-ba00-4aaa-b6fb-f023a6d112c0] INFO  o.eclipse.m2e.core.internal.Bundles - 	Entry: C:\Users\Monu\.p2\pool\plugins\com.google.guava.failureaccess_1.0.2.jar
2025-10-27 15:26:31,640 [Worker-71: Launching mavenrun-73580391-ba00-4aaa-b6fb-f023a6d112c0] INFO  o.e.m.i.launch.MavenLaunchDelegate - Run build in "C:\Users\Monu\AppData\Local\Temp\m2e-archetypeGenerator10654038906450039904":
2025-10-27 15:26:31,640 [Worker-71: Launching mavenrun-73580391-ba00-4aaa-b6fb-f023a6d112c0] INFO  o.e.m.i.launch.MavenLaunchDelegate -  mvn  -DarchetypeGroupId=org.apache.maven.archetypes -DarchetypeArtifactId=maven-archetype-quickstart -DarchetypeVersion=1.1 -DgroupId=com.kodewala -DartifactId=practice -Dversion=0.0.1-SNAPSHOT -Dpackage=com.kodewala.practice -DoutputDirectory="C:\Users\Monu\Desktop\Kode wala\Week17 Junit" -Dstyle.color=always -U archetype:generate
2025-10-27 15:26:44,195 [Worker-67: Creating maven-archetype-quickstart] INFO  o.e.m.c.i.p.ProjectConfigurationManager - Collecting project info '/pom.xml' C:\Users\Monu\Desktop\Kode wala\Week17 Junit\practice\pom.xml
2025-10-27 15:26:44,303 [Worker-67: Creating maven-archetype-quickstart] INFO  o.e.m.c.i.l.LifecycleMappingFactory - Using org.eclipse.m2e.jdt.JarLifecycleMapping lifecycle mapping for MavenProject: com.kodewala:practice:0.0.1-SNAPSHOT @ C:\Users\Monu\Desktop\Kode wala\Week17 Junit\practice\pom.xml.
2025-10-27 15:26:44,704 [Worker-67: Creating maven-archetype-quickstart] INFO  o.e.m.j.i.AbstractJavaProjectConfigurator - Adding source folder /practice/src/main/java
2025-10-27 15:26:44,706 [Worker-67: Creating maven-archetype-quickstart] INFO  o.e.m.j.i.AbstractJavaProjectConfigurator - Adding resource folder /practice/src/main/resources
2025-10-27 15:26:44,712 [Worker-67: Creating maven-archetype-quickstart] INFO  o.e.m.j.i.AbstractJavaProjectConfigurator - Adding source folder /practice/src/test/java
2025-10-27 15:26:44,713 [Worker-67: Creating maven-archetype-quickstart] INFO  o.e.m.j.i.AbstractJavaProjectConfigurator - Adding resource folder /practice/src/test/resources
2025-10-27 15:26:44,766 [Worker-67: Creating maven-archetype-quickstart] INFO  o.e.m.c.i.p.ProjectConfigurationManager - Imported and configured 1 project(s) in 0 sec
2025-10-27 15:26:45,212 [Worker-74: Building] INFO  o.a.m.s.f.DefaultMavenResourcesFiltering - skip non existing resourceDirectory C:\Users\Monu\Desktop\Kode wala\Week17 Junit\practice\src\main\resources
2025-10-27 15:26:45,216 [Worker-74: Building] INFO  o.a.m.s.f.DefaultMavenResourcesFiltering - skip non existing resourceDirectory C:\Users\Monu\Desktop\Kode wala\Week17 Junit\practice\src\test\resources
2025-10-27 15:27:18,855 [Worker-71: Building] INFO  o.a.m.s.f.DefaultMavenResourcesFiltering - skip non existing resourceDirectory C:\Users\Monu\Desktop\Kode wala\Week17 Junit\practice\src\main\resources
2025-10-27 15:27:18,857 [Worker-71: Building] INFO  o.a.m.s.f.DefaultMavenResourcesFiltering - skip non existing resourceDirectory C:\Users\Monu\Desktop\Kode wala\Week17 Junit\practice\src\test\resources
2025-10-27 15:29:30,963 [Worker-73: Building] INFO  o.a.m.s.f.DefaultMavenResourcesFiltering - skip non existing resourceDirectory C:\Users\Monu\Desktop\Kode wala\Week17 Junit\practice\src\main\resources
2025-10-27 15:29:30,965 [Worker-73: Building] INFO  o.a.m.s.f.DefaultMavenResourcesFiltering - skip non existing resourceDirectory C:\Users\Monu\Desktop\Kode wala\Week17 Junit\practice\src\test\resources
2025-10-27 15:29:48,568 [Worker-71: Building] INFO  o.a.m.s.f.DefaultMavenResourcesFiltering - skip non existing resourceDirectory C:\Users\Monu\Desktop\Kode wala\Week17 Junit\practice\src\main\resources
2025-10-27 15:29:48,573 [Worker-71: Building] INFO  o.a.m.s.f.DefaultMavenResourcesFiltering - skip non existing resourceDirectory C:\Users\Monu\Desktop\Kode wala\Week17 Junit\practice\src\test\resources
2025-10-27 15:30:41,431 [Worker-74: Building] INFO  o.e.m.c.i.l.LifecycleMappingFactory - Using org.eclipse.m2e.jdt.JarLifecycleMapping lifecycle mapping for MavenProject: com.kodewala:practice:0.0.1-SNAPSHOT @ C:\Users\Monu\Desktop\Kode wala\Week17 Junit\practice\pom.xml.
2025-10-27 15:30:41,485 [Worker-74: Building] INFO  o.a.m.s.f.DefaultMavenResourcesFiltering - skip non existing resourceDirectory C:\Users\Monu\Desktop\Kode wala\Week17 Junit\practice\src\main\resources
2025-10-27 15:30:41,487 [Worker-74: Building] INFO  o.a.m.s.f.DefaultMavenResourcesFiltering - skip non existing resourceDirectory C:\Users\Monu\Desktop\Kode wala\Week17 Junit\practice\src\test\resources
2025-10-27 15:30:42,623 [Worker-75: Building] INFO  o.a.m.s.f.DefaultMavenResourcesFiltering - skip non existing resourceDirectory C:\Users\Monu\Desktop\Kode wala\Week17 Junit\practice\src\main\resources
2025-10-27 15:30:42,624 [Worker-75: Building] INFO  o.a.m.s.f.DefaultMavenResourcesFiltering - skip non existing resourceDirectory C:\Users\Monu\Desktop\Kode wala\Week17 Junit\practice\src\test\resources
2025-10-27 15:34:21,680 [Worker-67: Building] INFO  o.a.m.s.f.DefaultMavenResourcesFiltering - skip non existing resourceDirectory C:\Users\Monu\Desktop\Kode wala\Week17 Junit\practice\src\main\resources
2025-10-27 15:34:21,683 [Worker-67: Building] INFO  o.a.m.s.f.DefaultMavenResourcesFiltering - skip non existing resourceDirectory C:\Users\Monu\Desktop\Kode wala\Week17 Junit\practice\src\test\resources
2025-10-27 15:37:29,798 [Worker-74: Building] INFO  o.a.m.s.f.DefaultMavenResourcesFiltering - skip non existing resourceDirectory C:\Users\Monu\Desktop\Kode wala\Week17 Junit\practice\src\main\resources
2025-10-27 15:37:29,800 [Worker-74: Building] INFO  o.a.m.s.f.DefaultMavenResourcesFiltering - skip non existing resourceDirectory C:\Users\Monu\Desktop\Kode wala\Week17 Junit\practice\src\test\resources
2025-10-27 15:37:34,634 [main] INFO  o.e.m.jdt.internal.UnitTestSupport - Updating LeapYearTest from maven configuration
2025-10-27 15:39:42,127 [Worker-80: Building] INFO  o.a.m.s.f.DefaultMavenResourcesFiltering - skip non existing resourceDirectory C:\Users\Monu\Desktop\Kode wala\Week17 Junit\practice\src\main\resources
2025-10-27 15:39:42,129 [Worker-80: Building] INFO  o.a.m.s.f.DefaultMavenResourcesFiltering - skip non existing resourceDirectory C:\Users\Monu\Desktop\Kode wala\Week17 Junit\practice\src\test\resources
2025-10-27 15:40:14,034 [Worker-76: Building] INFO  o.a.m.s.f.DefaultMavenResourcesFiltering - skip non existing resourceDirectory C:\Users\Monu\Desktop\Kode wala\Week17 Junit\practice\src\main\resources
2025-10-27 15:40:14,037 [Worker-76: Building] INFO  o.a.m.s.f.DefaultMavenResourcesFiltering - skip non existing resourceDirectory C:\Users\Monu\Desktop\Kode wala\Week17 Junit\practice\src\test\resources
2025-10-27 15:41:13,011 [Worker-80: Building] INFO  o.a.m.s.f.DefaultMavenResourcesFiltering - skip non existing resourceDirectory C:\Users\Monu\Desktop\Kode wala\Week17 Junit\practice\src\main\resources
2025-10-27 15:41:13,012 [Worker-80: Building] INFO  o.a.m.s.f.DefaultMavenResourcesFiltering - skip non existing resourceDirectory C:\Users\Monu\Desktop\Kode wala\Week17 Junit\practice\src\test\resources
2025-10-27 15:41:42,807 [Worker-71: Building] INFO  o.a.m.s.f.DefaultMavenResourcesFiltering - skip non existing resourceDirectory C:\Users\Monu\Desktop\Kode wala\Week17 Junit\practice\src\main\resources
2025-10-27 15:41:42,808 [Worker-71: Building] INFO  o.a.m.s.f.DefaultMavenResourcesFiltering - skip non existing resourceDirectory C:\Users\Monu\Desktop\Kode wala\Week17 Junit\practice\src\test\resources
2025-10-27 15:41:58,045 [Worker-79: Building] INFO  o.a.m.s.f.DefaultMavenResourcesFiltering - skip non existing resourceDirectory C:\Users\Monu\Desktop\Kode wala\Week17 Junit\practice\src\main\resources
2025-10-27 15:41:58,047 [Worker-79: Building] INFO  o.a.m.s.f.DefaultMavenResourcesFiltering - skip non existing resourceDirectory C:\Users\Monu\Desktop\Kode wala\Week17 Junit\practice\src\test\resources
2025-10-27 15:42:29,311 [Worker-80: Building] INFO  o.a.m.s.f.DefaultMavenResourcesFiltering - skip non existing resourceDirectory C:\Users\Monu\Desktop\Kode wala\Week17 Junit\practice\src\main\resources
2025-10-27 15:42:29,314 [Worker-80: Building] INFO  o.a.m.s.f.DefaultMavenResourcesFiltering - skip non existing resourceDirectory C:\Users\Monu\Desktop\Kode wala\Week17 Junit\practice\src\test\resources
2025-10-27 15:45:02,394 [Worker-82: Building] INFO  o.a.m.s.f.DefaultMavenResourcesFiltering - skip non existing resourceDirectory C:\Users\Monu\Desktop\Kode wala\Week17 Junit\practice\src\main\resources
2025-10-27 15:45:02,399 [Worker-82: Building] INFO  o.a.m.s.f.DefaultMavenResourcesFiltering - skip non existing resourceDirectory C:\Users\Monu\Desktop\Kode wala\Week17 Junit\practice\src\test\resources
2025-10-27 15:46:52,819 [Worker-77: Building] INFO  o.a.m.s.f.DefaultMavenResourcesFiltering - skip non existing resourceDirectory C:\Users\Monu\Desktop\Kode wala\Week17 Junit\practice\src\main\resources
2025-10-27 15:46:52,820 [Worker-77: Building] INFO  o.a.m.s.f.DefaultMavenResourcesFiltering - skip non existing resourceDirectory C:\Users\Monu\Desktop\Kode wala\Week17 Junit\practice\src\test\resources
2025-10-27 15:47:18,191 [Worker-84: Building] INFO  o.a.m.s.f.DefaultMavenResourcesFiltering - skip non existing resourceDirectory C:\Users\Monu\Desktop\Kode wala\Week17 Junit\practice\src\main\resources
2025-10-27 15:47:18,196 [Worker-84: Building] INFO  o.a.m.s.f.DefaultMavenResourcesFiltering - skip non existing resourceDirectory C:\Users\Monu\Desktop\Kode wala\Week17 Junit\practice\src\test\resources
2025-10-27 15:47:33,167 [Worker-78: Building] INFO  o.a.m.s.f.DefaultMavenResourcesFiltering - skip non existing resourceDirectory C:\Users\Monu\Desktop\Kode wala\Week17 Junit\practice\src\main\resources
2025-10-27 15:47:33,171 [Worker-78: Building] INFO  o.a.m.s.f.DefaultMavenResourcesFiltering - skip non existing resourceDirectory C:\Users\Monu\Desktop\Kode wala\Week17 Junit\practice\src\test\resources
2025-10-27 15:47:37,787 [Worker-77: Building] INFO  o.a.m.s.f.DefaultMavenResourcesFiltering - skip non existing resourceDirectory C:\Users\Monu\Desktop\Kode wala\Week17 Junit\practice\src\main\resources
2025-10-27 15:47:37,792 [Worker-77: Building] INFO  o.a.m.s.f.DefaultMavenResourcesFiltering - skip non existing resourceDirectory C:\Users\Monu\Desktop\Kode wala\Week17 Junit\practice\src\test\resources
2025-10-27 15:47:55,143 [Worker-83: Building] INFO  o.a.m.s.f.DefaultMavenResourcesFiltering - skip non existing resourceDirectory C:\Users\Monu\Desktop\Kode wala\Week17 Junit\practice\src\main\resources
2025-10-27 15:47:55,145 [Worker-83: Building] INFO  o.a.m.s.f.DefaultMavenResourcesFiltering - skip non existing resourceDirectory C:\Users\Monu\Desktop\Kode wala\Week17 Junit\practice\src\test\resources
2025-10-27 15:48:36,177 [Worker-83: Building] INFO  o.a.m.s.f.DefaultMavenResourcesFiltering - skip non existing resourceDirectory C:\Users\Monu\Desktop\Kode wala\Week17 Junit\practice\src\main\resources
2025-10-27 15:48:36,181 [Worker-83: Building] INFO  o.a.m.s.f.DefaultMavenResourcesFiltering - skip non existing resourceDirectory C:\Users\Monu\Desktop\Kode wala\Week17 Junit\practice\src\test\resources
2025-10-27 15:53:39,057 [Worker-85: Building] INFO  o.a.m.s.f.DefaultMavenResourcesFiltering - skip non existing resourceDirectory C:\Users\Monu\Desktop\Kode wala\Week17 Junit\practice\src\main\resources
2025-10-27 15:53:39,059 [Worker-85: Building] INFO  o.a.m.s.f.DefaultMavenResourcesFiltering - skip non existing resourceDirectory C:\Users\Monu\Desktop\Kode wala\Week17 Junit\practice\src\test\resources
2025-10-27 15:56:45,949 [Worker-85: Building] INFO  o.a.m.s.f.DefaultMavenResourcesFiltering - skip non existing resourceDirectory C:\Users\Monu\Desktop\Kode wala\Week17 Junit\practice\src\main\resources
2025-10-27 15:56:45,950 [Worker-85: Building] INFO  o.a.m.s.f.DefaultMavenResourcesFiltering - skip non existing resourceDirectory C:\Users\Monu\Desktop\Kode wala\Week17 Junit\practice\src\test\resources
2025-10-27 15:57:59,098 [Worker-85: Building] INFO  o.a.m.s.f.DefaultMavenResourcesFiltering - skip non existing resourceDirectory C:\Users\Monu\Desktop\Kode wala\Week17 Junit\practice\src\main\resources
2025-10-27 15:57:59,100 [Worker-85: Building] INFO  o.a.m.s.f.DefaultMavenResourcesFiltering - skip non existing resourceDirectory C:\Users\Monu\Desktop\Kode wala\Week17 Junit\practice\src\test\resources
2025-10-27 15:59:52,142 [Worker-78: Building] INFO  o.a.m.s.f.DefaultMavenResourcesFiltering - skip non existing resourceDirectory C:\Users\Monu\Desktop\Kode wala\Week17 Junit\practice\src\main\resources
2025-10-27 15:59:52,145 [Worker-78: Building] INFO  o.a.m.s.f.DefaultMavenResourcesFiltering - skip non existing resourceDirectory C:\Users\Monu\Desktop\Kode wala\Week17 Junit\practice\src\test\resources
2025-10-27 16:00:16,902 [Worker-85: Building] INFO  o.a.m.s.f.DefaultMavenResourcesFiltering - skip non existing resourceDirectory C:\Users\Monu\Desktop\Kode wala\Week17 Junit\practice\src\main\resources
2025-10-27 16:00:16,903 [Worker-85: Building] INFO  o.a.m.s.f.DefaultMavenResourcesFiltering - skip non existing resourceDirectory C:\Users\Monu\Desktop\Kode wala\Week17 Junit\practice\src\test\resources
2025-10-27 16:00:27,298 [main] INFO  o.e.m.jdt.internal.UnitTestSupport - Updating EmployeeTest from maven configuration
2025-10-27 16:01:12,257 [Worker-77: Building] INFO  o.a.m.s.f.DefaultMavenResourcesFiltering - skip non existing resourceDirectory C:\Users\Monu\Desktop\Kode wala\Week17 Junit\practice\src\main\resources
2025-10-27 16:01:12,259 [Worker-77: Building] INFO  o.a.m.s.f.DefaultMavenResourcesFiltering - skip non existing resourceDirectory C:\Users\Monu\Desktop\Kode wala\Week17 Junit\practice\src\test\resources
2025-10-27 16:01:23,650 [Worker-85: Building] INFO  o.a.m.s.f.DefaultMavenResourcesFiltering - skip non existing resourceDirectory C:\Users\Monu\Desktop\Kode wala\Week17 Junit\practice\src\main\resources
2025-10-27 16:01:23,651 [Worker-85: Building] INFO  o.a.m.s.f.DefaultMavenResourcesFiltering - skip non existing resourceDirectory C:\Users\Monu\Desktop\Kode wala\Week17 Junit\practice\src\test\resources
2025-10-27 16:03:21,862 [Worker-88: Building] INFO  o.a.m.s.f.DefaultMavenResourcesFiltering - skip non existing resourceDirectory C:\Users\Monu\Desktop\Kode wala\Week17 Junit\practice\src\main\resources
2025-10-27 16:03:21,864 [Worker-88: Building] INFO  o.a.m.s.f.DefaultMavenResourcesFiltering - skip non existing resourceDirectory C:\Users\Monu\Desktop\Kode wala\Week17 Junit\practice\src\test\resources
2025-10-27 16:03:52,202 [Worker-85: Building] INFO  o.a.m.s.f.DefaultMavenResourcesFiltering - skip non existing resourceDirectory C:\Users\Monu\Desktop\Kode wala\Week17 Junit\practice\src\main\resources
2025-10-27 16:03:52,203 [Worker-85: Building] INFO  o.a.m.s.f.DefaultMavenResourcesFiltering - skip non existing resourceDirectory C:\Users\Monu\Desktop\Kode wala\Week17 Junit\practice\src\test\resources
2025-10-27 16:04:06,321 [Worker-85: Building] INFO  o.a.m.s.f.DefaultMavenResourcesFiltering - skip non existing resourceDirectory C:\Users\Monu\Desktop\Kode wala\Week17 Junit\practice\src\main\resources
2025-10-27 16:04:06,322 [Worker-85: Building] INFO  o.a.m.s.f.DefaultMavenResourcesFiltering - skip non existing resourceDirectory C:\Users\Monu\Desktop\Kode wala\Week17 Junit\practice\src\test\resources
2025-10-27 16:04:36,540 [Worker-77: Building] INFO  o.a.m.s.f.DefaultMavenResourcesFiltering - skip non existing resourceDirectory C:\Users\Monu\Desktop\Kode wala\Week17 Junit\practice\src\main\resources
2025-10-27 16:04:36,542 [Worker-77: Building] INFO  o.a.m.s.f.DefaultMavenResourcesFiltering - skip non existing resourceDirectory C:\Users\Monu\Desktop\Kode wala\Week17 Junit\practice\src\test\resources
2025-10-27 16:04:54,601 [Worker-89: Building] INFO  o.a.m.s.f.DefaultMavenResourcesFiltering - skip non existing resourceDirectory C:\Users\Monu\Desktop\Kode wala\Week17 Junit\practice\src\main\resources
2025-10-27 16:04:54,602 [Worker-89: Building] INFO  o.a.m.s.f.DefaultMavenResourcesFiltering - skip non existing resourceDirectory C:\Users\Monu\Desktop\Kode wala\Week17 Junit\practice\src\test\resources
2025-10-27 16:05:02,844 [Worker-90: Building] INFO  o.a.m.s.f.DefaultMavenResourcesFiltering - skip non existing resourceDirectory C:\Users\Monu\Desktop\Kode wala\Week17 Junit\practice\src\main\resources
2025-10-27 16:05:02,845 [Worker-90: Building] INFO  o.a.m.s.f.DefaultMavenResourcesFiltering - skip non existing resourceDirectory C:\Users\Monu\Desktop\Kode wala\Week17 Junit\practice\src\test\resources
2025-10-27 16:20:03,690 [Worker-96: Building] INFO  o.a.m.s.f.DefaultMavenResourcesFiltering - skip non existing resourceDirectory C:\Users\Monu\Desktop\Kode wala\Week17 Junit\practice\src\main\resources
2025-10-27 16:20:03,694 [Worker-96: Building] INFO  o.a.m.s.f.DefaultMavenResourcesFiltering - skip non existing resourceDirectory C:\Users\Monu\Desktop\Kode wala\Week17 Junit\practice\src\test\resources
2025-10-27 16:25:24,371 [Worker-85: Building] INFO  o.a.m.s.f.DefaultMavenResourcesFiltering - skip non existing resourceDirectory C:\Users\Monu\Desktop\Kode wala\Week17 Junit\practice\src\main\resources
2025-10-27 16:25:24,377 [Worker-85: Building] INFO  o.a.m.s.f.DefaultMavenResourcesFiltering - skip non existing resourceDirectory C:\Users\Monu\Desktop\Kode wala\Week17 Junit\practice\src\test\resources
2025-10-27 16:26:28,512 [Worker-96: Building] INFO  o.a.m.s.f.DefaultMavenResourcesFiltering - skip non existing resourceDirectory C:\Users\Monu\Desktop\Kode wala\Week17 Junit\practice\src\main\resources
2025-10-27 16:26:28,518 [Worker-96: Building] INFO  o.a.m.s.f.DefaultMavenResourcesFiltering - skip non existing resourceDirectory C:\Users\Monu\Desktop\Kode wala\Week17 Junit\practice\src\test\resources
2025-10-27 16:26:35,801 [Worker-98: Building] INFO  o.a.m.s.f.DefaultMavenResourcesFiltering - skip non existing resourceDirectory C:\Users\Monu\Desktop\Kode wala\Week17 Junit\practice\src\main\resources
2025-10-27 16:26:35,804 [Worker-98: Building] INFO  o.a.m.s.f.DefaultMavenResourcesFiltering - skip non existing resourceDirectory C:\Users\Monu\Desktop\Kode wala\Week17 Junit\practice\src\test\resources
2025-10-27 16:26:49,858 [Worker-90: Building] INFO  o.a.m.s.f.DefaultMavenResourcesFiltering - skip non existing resourceDirectory C:\Users\Monu\Desktop\Kode wala\Week17 Junit\practice\src\main\resources
2025-10-27 16:26:49,862 [Worker-90: Building] INFO  o.a.m.s.f.DefaultMavenResourcesFiltering - skip non existing resourceDirectory C:\Users\Monu\Desktop\Kode wala\Week17 Junit\practice\src\test\resources
2025-10-27 16:26:55,337 [Worker-98: Building] INFO  o.a.m.s.f.DefaultMavenResourcesFiltering - skip non existing resourceDirectory C:\Users\Monu\Desktop\Kode wala\Week17 Junit\practice\src\main\resources
2025-10-27 16:26:55,338 [Worker-98: Building] INFO  o.a.m.s.f.DefaultMavenResourcesFiltering - skip non existing resourceDirectory C:\Users\Monu\Desktop\Kode wala\Week17 Junit\practice\src\test\resources
2025-10-27 16:27:09,502 [Worker-85: Building] INFO  o.a.m.s.f.DefaultMavenResourcesFiltering - skip non existing resourceDirectory C:\Users\Monu\Desktop\Kode wala\Week17 Junit\practice\src\main\resources
2025-10-27 16:27:09,506 [Worker-85: Building] INFO  o.a.m.s.f.DefaultMavenResourcesFiltering - skip non existing resourceDirectory C:\Users\Monu\Desktop\Kode wala\Week17 Junit\practice\src\test\resources
2025-10-27 16:30:46,544 [Worker-96: Building] INFO  o.a.m.s.f.DefaultMavenResourcesFiltering - skip non existing resourceDirectory C:\Users\Monu\Desktop\Kode wala\Week17 Junit\practice\src\main\resources
2025-10-27 16:30:46,548 [Worker-96: Building] INFO  o.a.m.s.f.DefaultMavenResourcesFiltering - skip non existing resourceDirectory C:\Users\Monu\Desktop\Kode wala\Week17 Junit\practice\src\test\resources
2025-10-28 13:29:41,262 [Worker-4: Loading available Gradle versions] INFO  o.e.b.c.i.u.g.PublishedGradleVersions - Gradle version information cache is up-to-date. Trying to read.
2025-10-28 13:30:17,337 [Worker-18: Building] INFO  o.a.m.s.f.DefaultMavenResourcesFiltering - skip non existing resourceDirectory C:\Users\Monu\Desktop\Kode wala\Week17 Junit\practice\src\main\resources
2025-10-28 13:30:17,342 [Worker-18: Building] INFO  o.a.m.s.f.DefaultMavenResourcesFiltering - skip non existing resourceDirectory C:\Users\Monu\Desktop\Kode wala\Week17 Junit\practice\src\test\resources
2025-10-29 13:36:57,677 [Worker-2: Loading available Gradle versions] INFO  o.e.b.c.i.u.g.PublishedGradleVersions - Gradle version information cache is out-of-date. Trying to update.
